\BOOKMARK [1][-]{section*.3}{\376\377\000A\000b\000b\000i\000l\000d\000u\000n\000g\000s\000v\000e\000r\000z\000e\000i\000c\000h\000n\000i\000s}{}% 1
\BOOKMARK [1][-]{section*.4}{\376\377\000T\000a\000b\000e\000l\000l\000e\000n\000v\000e\000r\000z\000e\000i\000c\000h\000n\000i\000s}{}% 2
\BOOKMARK [1][-]{section.1}{\376\377\000I\000n\000t\000r\000o\000d\000u\000c\000t\000i\000o\000n}{}% 3
\BOOKMARK [1][-]{section.2}{\376\377\000E\000x\000a\000m\000p\000l\000e\000\040\000S\000e\000c\000t\000i\000o\000n}{}% 4
\BOOKMARK [1][-]{section.3}{\376\377\000G\000e\000w\000\374\000n\000s\000c\000h\000t\000e\000s\000\040\000I\000n\000t\000e\000r\000f\000a\000c\000e\000s}{}% 5
\BOOKMARK [1][-]{section.4}{\376\377\000I\000m\000p\000l\000e\000m\000e\000n\000t\000i\000e\000r\000u\000n\000g}{}% 6
\BOOKMARK [2][-]{subsection.4.1}{\376\377\000A\000c\000h\000i\000t\000e\000c\000t\000u\000r\000e\000\040\000d\000e\000s\000\040\000F\000r\000a\000m\000e\000w\000o\000r\000k\000s}{section.4}% 7
\BOOKMARK [3][-]{subsubsection.4.1.1}{\376\377\000P\000o\000r\000t\000s}{subsection.4.1}% 8
\BOOKMARK [3][-]{subsubsection.4.1.2}{\376\377\000A\000d\000a\000p\000t\000e\000r\000s}{subsection.4.1}% 9
\BOOKMARK [3][-]{subsubsection.4.1.3}{\376\377\000C\000o\000n\000t\000r\000o\000l\000l\000e\000r\000s}{subsection.4.1}% 10
\BOOKMARK [3][-]{subsubsection.4.1.4}{\376\377\000D\000i\000s\000p\000a\000t\000c\000h\000e\000r}{subsection.4.1}% 11
\BOOKMARK [3][-]{subsubsection.4.1.5}{\376\377\000U\000s\000e\000C\000a\000s\000e\000s}{subsection.4.1}% 12
\BOOKMARK [3][-]{subsubsection.4.1.6}{\376\377\000I\000n\000t\000e\000r\000a\000c\000t\000o\000r\000s}{subsection.4.1}% 13
\BOOKMARK [3][-]{subsubsection.4.1.7}{\376\377\000D\000o\000m\000a\000i\000n}{subsection.4.1}% 14
\BOOKMARK [2][-]{subsection.4.2}{\376\377\000Z\000u\000g\000r\000i\000f\000f\000\040\000v\000o\000m\000\040\000T\000e\000s\000t\000f\000r\000a\000m\000e\000w\000o\000r\000k}{section.4}% 15
\BOOKMARK [2][-]{subsection.4.3}{\376\377\000T\000e\000s\000t\000b\000e\000i\000s\000p\000i\000e\000l}{section.4}% 16
\BOOKMARK [1][-]{section.5}{\376\377\000C\000o\000n\000c\000l\000u\000s\000i\000o\000n}{}% 17
\BOOKMARK [1][-]{section*.6}{\376\377\000B\000i\000b\000l\000i\000o\000g\000r\000a\000p\000h\000y}{}% 18
\BOOKMARK [1][-]{section*.7}{\376\377\000A\000p\000p\000e\000n\000d\000i\000x}{}% 19
\BOOKMARK [2][-]{subsection.Alph0.1}{\376\377\000H\000e\000l\000l\000o\000\040\000W\000o\000r\000l\000d\000\040\000E\000x\000a\000m\000p\000l\000e}{section*.7}% 20
\BOOKMARK [2][-]{subsection.Alph0.2}{\376\377\000F\000l\000o\000w\000\040\000C\000h\000a\000r\000t\000\040\000E\000x\000a\000m\000p\000l\000e}{section*.7}% 21
\BOOKMARK [2][-]{subsection.Alph0.3}{\376\377\000S\000u\000b\000-\000f\000i\000g\000u\000r\000e\000s\000\040\000E\000x\000a\000m\000p\000l\000e}{section*.7}% 22
